2021-10-16 22:56:23 - INFO    :: Thread-80 : Tautulli Notifiers :: Script notification sent.
2021-10-16 22:57:54 - INFO    :: CP Server Thread-14 : Tautulli Notifiers :: Updated notification agent: Script (notifier_id 1).
2021-10-16 22:57:54 - DEBUG   :: CP Server Thread-12 : Sending test Script notification.
2021-10-16 22:57:54 - DEBUG   :: CP Server Thread-12 : Tautulli NotificationHandler :: Notifiers enabled for notify_action 'test' (manual trigger).
2021-10-16 22:57:54 - INFO    :: Thread-2 : Tautulli NotificationHandler :: Preparing notification for notifier_id 1.
2021-10-16 22:57:54 - DEBUG   :: Thread-2 : Tautulli Notifiers :: Trying to run notify script: /config/scripts/hide_episode_spoilers.py, arguments: ['--rating_key', '2174', '--', 'blur'], action: test
2021-10-16 22:57:54 - DEBUG   :: Thread-2 : Tautulli Notifiers :: Full script is: ['/usr/bin/python3', '/config/scripts/hide_episode_spoilers.py', '--rating_key', '2174', '--', 'blur']
2021-10-16 22:57:54 - DEBUG   :: Thread-2 : Tautulli Notifiers :: Executing script in a new thread.
2021-10-16 22:57:55 - DEBUG   :: Thread-82 : Tautulli Notifiers :: Subprocess returned with status code 2.
2021-10-16 22:57:55 - ERROR   :: Thread-82 : Tautulli Notifiers :: Script error: 
  usage: hide_episode_spoilers.py [-h] --rating_key RATING_KEY [--image IMAGE]
                                  [--blur BLUR]
                                  [--summary_prefix [SUMMARY_PREFIX]] [--remove]
  hide_episode_spoilers.py: error: unrecognized arguments: -- blur
2021-10-16 22:57:55 - INFO    :: Thread-82 : Tautulli Notifiers :: Script notification sent.
2021-10-16 22:58:02 - INFO    :: CP Server Thread-13 : Tautulli Notifiers :: Updated notification agent: Script (notifier_id 1).
2021-10-16 22:58:03 - DEBUG   :: CP Server Thread-11 : Sending test Script notification.
2021-10-16 22:58:03 - DEBUG   :: CP Server Thread-11 : Tautulli NotificationHandler :: Notifiers enabled for notify_action 'test' (manual trigger).
2021-10-16 22:58:03 - INFO    :: Thread-3 : Tautulli NotificationHandler :: Preparing notification for notifier_id 1.
2021-10-16 22:58:03 - DEBUG   :: Thread-3 : Tautulli Notifiers :: Trying to run notify script: /config/scripts/hide_episode_spoilers.py, arguments: ['--rating_key', '2174', '--blur'], action: test
2021-10-16 22:58:03 - DEBUG   :: Thread-3 : Tautulli Notifiers :: Full script is: ['/usr/bin/python3', '/config/scripts/hide_episode_spoilers.py', '--rating_key', '2174', '--blur']
2021-10-16 22:58:03 - DEBUG   :: Thread-3 : Tautulli Notifiers :: Executing script in a new thread.
2021-10-16 22:58:03 - DEBUG   :: Thread-84 : Tautulli Notifiers :: Subprocess returned with status code 2.
2021-10-16 22:58:03 - ERROR   :: Thread-84 : Tautulli Notifiers :: Script error: 
  usage: hide_episode_spoilers.py [-h] --rating_key RATING_KEY [--image IMAGE]
                                  [--blur BLUR]
                                  [--summary_prefix [SUMMARY_PREFIX]] [--remove]
  hide_episode_spoilers.py: error: argument --blur: expected one argument
2021-10-16 22:58:03 - INFO    :: Thread-84 : Tautulli Notifiers :: Script notification sent.
2021-10-16 22:58:16 - INFO    :: CP Server Thread-14 : Tautulli Notifiers :: Updated notification agent: Script (notifier_id 1).
2021-10-16 22:58:16 - DEBUG   :: CP Server Thread-12 : Sending test Script notification.
2021-10-16 22:58:16 - DEBUG   :: CP Server Thread-12 : Tautulli NotificationHandler :: Notifiers enabled for notify_action 'test' (manual trigger).
2021-10-16 22:58:17 - INFO    :: Thread-2 : Tautulli NotificationHandler :: Preparing notification for notifier_id 1.
2021-10-16 22:58:17 - DEBUG   :: Thread-2 : Tautulli Notifiers :: Trying to run notify script: /config/scripts/hide_episode_spoilers.py, arguments: ['--rating_key', '2174', '--blur:25'], action: test
2021-10-16 22:58:17 - DEBUG   :: Thread-2 : Tautulli Notifiers :: Full script is: ['/usr/bin/python3', '/config/scripts/hide_episode_spoilers.py', '--rating_key', '2174', '--blur:25']
2021-10-16 22:58:17 - DEBUG   :: Thread-2 : Tautulli Notifiers :: Executing script in a new thread.
2021-10-16 22:58:17 - DEBUG   :: Thread-86 : Tautulli Notifiers :: Subprocess returned with status code 2.
2021-10-16 22:58:17 - ERROR   :: Thread-86 : Tautulli Notifiers :: Script error: 
  usage: hide_episode_spoilers.py [-h] --rating_key RATING_KEY [--image IMAGE]
                                  [--blur BLUR]
                                  [--summary_prefix [SUMMARY_PREFIX]] [--remove]
  hide_episode_spoilers.py: error: unrecognized arguments: --blur:25
2021-10-16 22:58:17 - INFO    :: Thread-86 : Tautulli Notifiers :: Script notification sent.
2021-10-16 22:58:25 - INFO    :: CP Server Thread-9 : Tautulli Notifiers :: Updated notification agent: Script (notifier_id 1).
2021-10-16 22:58:26 - DEBUG   :: CP Server Thread-10 : Sending test Script notification.
2021-10-16 22:58:26 - DEBUG   :: CP Server Thread-10 : Tautulli NotificationHandler :: Notifiers enabled for notify_action 'test' (manual trigger).
2021-10-16 22:58:26 - INFO    :: Thread-3 : Tautulli NotificationHandler :: Preparing notification for notifier_id 1.
2021-10-16 22:58:26 - DEBUG   :: Thread-3 : Tautulli Notifiers :: Trying to run notify script: /config/scripts/hide_episode_spoilers.py, arguments: ['--rating_key', '2174', '--blur', '25'], action: test
2021-10-16 22:58:26 - DEBUG   :: Thread-3 : Tautulli Notifiers :: Full script is: ['/usr/bin/python3', '/config/scripts/hide_episode_spoilers.py', '--rating_key', '2174', '--blur', '25']
2021-10-16 22:58:26 - DEBUG   :: Thread-3 : Tautulli Notifiers :: Executing script in a new thread.
2021-10-16 22:58:27 - DEBUG   :: Thread-88 : Tautulli Notifiers :: Subprocess returned with status code 1.
2021-10-16 22:58:27 - ERROR   :: Thread-88 : Tautulli Notifiers :: Script error: 
  Traceback (most recent call last):
    File "/config/scripts/hide_episode_spoilers.py", line 122, in <module>
      with open(episode_artwork, 'wb') as f:
  FileNotFoundError: [Errno 2] No such file or directory: '/volume1/Plex/Library/TV Shows/Loki/Loki S01E06.png'
2021-10-16 22:58:27 - INFO    :: Thread-88 : Tautulli Notifiers :: Script notification sent.
2021-10-16 22:59:00 - INFO    :: CP Server Thread-13 : Tautulli Notifiers :: Updated notification agent: Script (notifier_id 1).
2021-10-16 22:59:06 - INFO    :: CP Server Thread-11 : Tautulli Notifiers :: Updated notification agent: Script (notifier_id 1).
2021-10-16 22:59:06 - DEBUG   :: CP Server Thread-9 : Sending test Script notification.
2021-10-16 22:59:06 - DEBUG   :: CP Server Thread-9 : Tautulli NotificationHandler :: Notifiers enabled for notify_action 'test' (manual trigger).
2021-10-16 22:59:06 - INFO    :: Thread-2 : Tautulli NotificationHandler :: Preparing notification for notifier_id 1.
2021-10-16 22:59:07 - DEBUG   :: Thread-2 : Tautulli Notifiers :: Trying to run notify script: /config/scripts/hide_episode_spoilers.py, arguments: ['--rating_key', '2174', '--blur', '25'], action: test
2021-10-16 22:59:07 - DEBUG   :: Thread-2 : Tautulli Notifiers :: Full script is: ['/usr/bin/python3', '/config/scripts/hide_episode_spoilers.py', '--rating_key', '2174', '--blur', '25']
2021-10-16 22:59:07 - DEBUG   :: Thread-2 : Tautulli Notifiers :: Executing script in a new thread.
2021-10-16 22:59:07 - DEBUG   :: Thread-90 : Tautulli Notifiers :: Subprocess returned with status code 1.
2021-10-16 22:59:07 - ERROR   :: Thread-90 : Tautulli Notifiers :: Script error: 
  Traceback (most recent call last):
    File "/config/scripts/hide_episode_spoilers.py", line 122, in <module>
      with open(episode_artwork, 'wb') as f:
  FileNotFoundError: [Errno 2] No such file or directory: '/volume1/Plex/Library/TV Shows/Loki/Loki S01E06.png'
2021-10-16 22:59:07 - INFO    :: Thread-90 : Tautulli Notifiers :: Script notification sent.
2021-10-16 22:59:59 - INFO    :: MainThread : Received signal: restart
2021-10-16 22:59:59 - INFO    :: MainThread : Tautulli WebStart :: Stopping Tautulli web server...
2021-10-16 22:59:59 - INFO    :: MainThread : [16/Oct/2021:22:59:59] ENGINE Bus STOPPING
2021-10-16 22:59:59 - INFO    :: MainThread : [16/Oct/2021:22:59:59] ENGINE HTTP Server cherrypy._cpwsgi_server.CPWSGIServer(('0.0.0.0', 8181)) shut down
2021-10-16 22:59:59 - INFO    :: MainThread : [16/Oct/2021:22:59:59] ENGINE Bus STOPPED
2021-10-16 22:59:59 - INFO    :: MainThread : [16/Oct/2021:22:59:59] ENGINE Bus EXITING
2021-10-16 22:59:59 - INFO    :: MainThread : [16/Oct/2021:22:59:59] ENGINE Bus EXITED
2021-10-16 22:59:59 - INFO    :: MainThread : Tautulli WebSocket :: Disconnecting websocket...
2021-10-16 22:59:59 - DEBUG   :: Thread-15 : Tautulli WebSocket :: Leaving thread.
2021-10-16 22:59:59 - INFO    :: Thread-3 : Tautulli NotificationHandler :: Notification thread exiting...
2021-10-16 22:59:59 - INFO    :: Thread-2 : Tautulli NotificationHandler :: Notification thread exiting...
2021-10-16 22:59:59 - INFO    :: MainThread : Tautulli Config :: Writing configuration to file
2021-10-16 22:59:59 - INFO    :: MainThread : Tautulli is restarting...
2021-10-16 22:59:59 - INFO    :: MainThread : Restarting Tautulli with ['/usr/bin/python3', '/app/tautulli/Tautulli.py', '--datadir', '/config', '--nolaunch']
2021-10-16 23:00:02 - INFO    :: MainThread : Starting Tautulli v2.7.7
2021-10-16 23:00:02 - INFO    :: MainThread : [Docker] Linux 3.10.105 (#24922 SMP Wed Jul 3 16:34:56 CST 2019)
2021-10-16 23:00:02 - INFO    :: MainThread : Australia/Melbourne (UTC+1100)
2021-10-16 23:00:02 - INFO    :: MainThread : Python 3.8.10 (default, May  6 2021, 00:05:59) [GCC 10.2.1 20201203]
2021-10-16 23:00:02 - INFO    :: MainThread : Program Dir: /app/tautulli
2021-10-16 23:00:02 - INFO    :: MainThread : Config File: /config/config.ini
2021-10-16 23:00:02 - INFO    :: MainThread : Database File: /config/tautulli.db
2021-10-16 23:00:02 - INFO    :: MainThread : Checking if the database upgrades are required...
2021-10-16 23:00:02 - INFO    :: MainThread : Checking if configuration upgrades are required...
2021-10-16 23:00:02 - INFO    :: MainThread : Retrieving latest version information from GitHub
2021-10-16 23:00:02 - DEBUG   :: MainThread : Requesting URL via GET method: https://api.github.com/repos/Tautulli/Tautulli/commits/master
2021-10-16 23:00:03 - DEBUG   :: MainThread : Latest version is 5f22ad26ad52fbf7881aac988a59853a2bde9887
2021-10-16 23:00:03 - INFO    :: MainThread : Comparing currently installed version with latest GitHub version
2021-10-16 23:00:03 - DEBUG   :: MainThread : Requesting URL via GET method: https://api.github.com/repos/Tautulli/Tautulli/compare/v2.7.7...5f22ad26ad52fbf7881aac988a59853a2bde9887
2021-10-16 23:00:04 - DEBUG   :: MainThread : In total, 0 commits behind
2021-10-16 23:00:04 - INFO    :: MainThread : Tautulli is up to date
2021-10-16 23:00:04 - INFO    :: Thread-1 : Tautulli PlexTV :: Requesting resources for server...
2021-10-16 23:00:04 - INFO    :: MainThread : Tautulli NotificationHandler :: Starting background notification handler (2 threads).
2021-10-16 23:00:04 - INFO    :: MainThread : Tautulli WebStart :: Initializing Tautulli web server...
2021-10-16 23:00:04 - INFO    :: MainThread : Tautulli WebStart :: Web server authentication is enabled: Tautulli admin (username is 'admin') and Plex admin.
2021-10-16 23:00:04 - INFO    :: MainThread : Tautulli WebStart :: Thread Pool Size: 10.
2021-10-16 23:00:04 - INFO    :: MainThread : Tautulli WebStart :: Starting Tautulli web server on http://0.0.0.0:8181/
2021-10-16 23:00:04 - INFO    :: MainThread : [16/Oct/2021:23:00:04] ENGINE Serving on http://0.0.0.0:8181
2021-10-16 23:00:04 - INFO    :: MainThread : Tautulli is ready!
2021-10-16 23:00:06 - DEBUG   :: Thread-1 : Tautulli PlexTV :: Plex Pass subscription not found.
2021-10-16 23:00:06 - INFO    :: Thread-1 : Tautulli Config :: Writing configuration to file
2021-10-16 23:00:06 - INFO    :: Thread-1 : Tautulli PlexTV :: Using user-defined URL.
2021-10-16 23:00:06 - INFO    :: Thread-1 : Tautulli PlexTV :: Selected server: S-DS716 (http://192.168.1.129:32400) (Linux - Version 1.24.2.4973-2b1b51db9)
2021-10-16 23:00:06 - INFO    :: Thread-1 : Tautulli Config :: Writing configuration to file
2021-10-16 23:00:06 - DEBUG   :: Thread-1 : Tautulli Monitor :: Checking for active streams.
2021-10-16 23:00:06 - INFO    :: Thread-15 : Tautulli WebSocket :: Opening websocket.
2021-10-16 23:00:06 - INFO    :: Thread-1 : Tautulli Users :: Requesting users list refresh...
2021-10-16 23:00:06 - INFO    :: Thread-15 : Tautulli WebSocket :: Ready
2021-10-16 23:00:06 - INFO    :: Thread-15 : Scheduled background task: Check GitHub for updates
2021-10-16 23:00:06 - INFO    :: Thread-15 : Scheduled background task: Optimize Tautulli database
2021-10-16 23:00:06 - INFO    :: Thread-15 : Scheduled background task: Backup Tautulli database
2021-10-16 23:00:06 - INFO    :: Thread-15 : Scheduled background task: Backup Tautulli config
2021-10-16 23:00:06 - INFO    :: Thread-15 : Scheduled background task: Refresh Plex server URLs
2021-10-16 23:00:06 - INFO    :: Thread-15 : Scheduled background task: Refresh users list
2021-10-16 23:00:06 - INFO    :: Thread-15 : Scheduled background task: Refresh libraries list
2021-10-16 23:00:08 - WARNING :: CP Server Thread-12 : Failed to get image /library/metadata/2147/thumb, falling back to poster.
2021-10-16 23:00:08 - WARNING :: CP Server Thread-13 : Failed to get image /library/metadata/2150/thumb, falling back to poster.
2021-10-16 23:00:08 - WARNING :: CP Server Thread-9 : Failed to get image /library/metadata/2129/thumb, falling back to poster.
2021-10-16 23:00:08 - WARNING :: CP Server Thread-14 : Failed to get image /library/metadata/2116/thumb, falling back to poster.
2021-10-16 23:00:08 - INFO    :: Thread-1 : Tautulli Users :: Users list refreshed.
2021-10-16 23:00:08 - INFO    :: Thread-1 : Tautulli Libraries :: Requesting libraries list refresh...
2021-10-16 23:00:08 - INFO    :: Thread-1 : Tautulli Config :: Writing configuration to file
2021-10-16 23:00:08 - INFO    :: Thread-1 : Tautulli Libraries :: Libraries list refreshed.
2021-10-16 23:00:44 - DEBUG   :: CP Server Thread-7 : Tautulli PlexTV :: Plex Pass subscription not found.
2021-10-16 23:00:44 - INFO    :: CP Server Thread-7 : Tautulli Config :: Writing configuration to file
2021-10-16 23:08:12 - INFO    :: CP Server Thread-12 : Tautulli Notifiers :: Updated notification agent: Script (notifier_id 1).
2021-10-16 23:08:12 - DEBUG   :: CP Server Thread-14 : Sending test Script notification.
2021-10-16 23:08:12 - DEBUG   :: CP Server Thread-14 : Tautulli NotificationHandler :: Notifiers enabled for notify_action 'test' (manual trigger).
2021-10-16 23:08:12 - INFO    :: Thread-2 : Tautulli NotificationHandler :: Preparing notification for notifier_id 1.
2021-10-16 23:08:12 - DEBUG   :: Thread-2 : Tautulli Notifiers :: Trying to run notify script: /config/scripts/hide_episode_spoilers.py, arguments: ['--rating_key', '{rating_key}', '--blur', '25'], action: test
2021-10-16 23:08:12 - DEBUG   :: Thread-2 : Tautulli Notifiers :: Full script is: ['/usr/bin/python3', '/config/scripts/hide_episode_spoilers.py', '--rating_key', '{rating_key}', '--blur', '25']
2021-10-16 23:08:12 - DEBUG   :: Thread-2 : Tautulli Notifiers :: Executing script in a new thread.
2021-10-16 23:08:13 - DEBUG   :: Thread-16 : Tautulli Notifiers :: Subprocess returned with status code 2.
2021-10-16 23:08:13 - ERROR   :: Thread-16 : Tautulli Notifiers :: Script error: 
  usage: hide_episode_spoilers.py [-h] --rating_key RATING_KEY [--image IMAGE]
                                  [--blur BLUR]
                                  [--summary_prefix [SUMMARY_PREFIX]] [--remove]
  hide_episode_spoilers.py: error: argument --rating_key: invalid int value: '{rating_key}'
2021-10-16 23:08:13 - INFO    :: Thread-16 : Tautulli Notifiers :: Script notification sent.
2021-10-16 23:08:38 - INFO    :: CP Server Thread-12 : Tautulli Notifiers :: Updated notification agent: Script (notifier_id 1).
2021-10-16 23:08:39 - DEBUG   :: CP Server Thread-14 : Sending test Script notification.
2021-10-16 23:08:39 - DEBUG   :: CP Server Thread-14 : Tautulli NotificationHandler :: Notifiers enabled for notify_action 'test' (manual trigger).
2021-10-16 23:08:39 - INFO    :: Thread-3 : Tautulli NotificationHandler :: Preparing notification for notifier_id 1.
2021-10-16 23:08:39 - DEBUG   :: Thread-3 : Tautulli Notifiers :: Trying to run notify script: /config/scripts/hide_episode_spoilers.py, arguments: ['--rating_key', '2168', '--blur', '25'], action: test
2021-10-16 23:08:39 - DEBUG   :: Thread-3 : Tautulli Notifiers :: Full script is: ['/usr/bin/python3', '/config/scripts/hide_episode_spoilers.py', '--rating_key', '2168', '--blur', '25']
2021-10-16 23:08:39 - DEBUG   :: Thread-3 : Tautulli Notifiers :: Executing script in a new thread.
2021-10-16 23:08:40 - DEBUG   :: Thread-18 : Tautulli Notifiers :: Subprocess returned with status code 1.
2021-10-16 23:08:40 - ERROR   :: Thread-18 : Tautulli Notifiers :: Script error: 
  Traceback (most recent call last):
    File "/config/scripts/hide_episode_spoilers.py", line 122, in <module>
      with open(episode_artwork, 'wb') as f:
  FileNotFoundError: [Errno 2] No such file or directory: '/volume1/Plex/Library/TV Shows/Loki/Loki S01E01.png'
2021-10-16 23:08:40 - INFO    :: Thread-18 : Tautulli Notifiers :: Script notification sent.
2021-10-16 23:11:46 - INFO    :: CP Server Thread-6 : Tautulli Notifiers :: Updated notification agent: Script (notifier_id 1).
2021-10-16 23:11:46 - DEBUG   :: CP Server Thread-12 : Sending test Script notification.
2021-10-16 23:11:46 - DEBUG   :: CP Server Thread-12 : Tautulli NotificationHandler :: Notifiers enabled for notify_action 'test' (manual trigger).
2021-10-16 23:11:46 - INFO    :: Thread-2 : Tautulli NotificationHandler :: Preparing notification for notifier_id 1.
2021-10-16 23:11:46 - DEBUG   :: Thread-2 : Tautulli Notifiers :: Trying to run notify script: /config/scripts/hide_episode_spoilers.py, arguments: ['--rating_key', '2168', '--blur', '25'], action: test
2021-10-16 23:11:46 - DEBUG   :: Thread-2 : Tautulli Notifiers :: Full script is: ['/usr/bin/python3', '/config/scripts/hide_episode_spoilers.py', '--rating_key', '2168', '--blur', '25']
2021-10-16 23:11:46 - DEBUG   :: Thread-2 : Tautulli Notifiers :: Executing script in a new thread.
2021-10-16 23:11:47 - DEBUG   :: Thread-20 : Tautulli Notifiers :: Subprocess returned with status code 1.
2021-10-16 23:11:47 - ERROR   :: Thread-20 : Tautulli Notifiers :: Script error: 
  Traceback (most recent call last):
    File "/config/scripts/hide_episode_spoilers.py", line 122, in <module>
      with open(episode_artwork, 'wb') as f:
  FileNotFoundError: [Errno 2] No such file or directory: '/volume1/Plex/Library/TV Shows/Loki/Loki S01E01.png'
2021-10-16 23:11:47 - INFO    :: Thread-20 : Tautulli Notifiers :: Script notification sent.
2021-10-16 23:12:01 - INFO    :: CP Server Thread-5 : Tautulli Notifiers :: Updated notification agent: Script (notifier_id 1).
